2023-12-13T07:11:13.780Z GET /posts?category=BANGALORE {} 304 - 30.649 ms
2023-12-13T07:11:15.517Z GET /posts?category=DELHI {} 304 - 31.948 ms
2023-12-13T07:11:17.135Z GET /posts?category=UDUPI {} 304 - 170.427 ms
2023-12-13T07:11:17.755Z GET /posts?category=MANALI {} 304 - 183.630 ms
2023-12-13T07:11:18.100Z GET /posts?category=SURAT {} 304 - 22.680 ms
2023-12-13T07:11:19.190Z GET /posts?category= {} 304 - 66.470 ms
2023-12-13T07:11:22.368Z GET /posts?category= {} 304 - 114.662 ms
2023-12-13T07:11:29.026Z POST /login {"username":"rishi","password":"rishi"} 200 734 304.553 ms
2023-12-13T07:11:29.326Z GET /posts?category= {} 304 - 208.695 ms
2023-12-13T07:11:50.763Z GET /posts?category= {} 304 - 23.875 ms
2023-12-13T07:11:52.181Z GET /posts?category=UDUPI {} 304 - 23.998 ms
2023-12-13T07:12:19.035Z POST /file/upload {"name":"Malpe-Beach-800x450-1.jpg"} 200 73 645.047 ms
2023-12-13T07:12:21.057Z GET /file/1702451538398-blog-Malpe-Beach-800x450-1.jpg {} 200 - 245.057 ms
2023-12-13T07:12:44.092Z POST /create {"title":"Malpe Beach","description":"The beach is a virgin beach, located at a distance about 6 kms from Udupi. It is an important port and a fishing harbour in the state of Karnataka. The endless stretch of golden sand, graciously swaying palm trees, clear blue sky and the gentle murmur of the sea, set the perfect mood for an idyllic holiday. Be sure to visit the Balarama Temple and Malpe’s oldest tile factory, set up by the Basel Mission.","picture":"http://localhost:8000/file/1702451538398-blog-Malpe-Beach-800x450-1.jpg","username":"rishi","categories":"UDUPI","createdDate":"2023-12-13T07:08:24.422Z"} 200 25 4.930 ms
2023-12-13T07:12:44.254Z GET /posts?category= {} 200 3237 114.311 ms
2023-12-13T07:13:08.555Z POST /login {"username":"pratham","password":"pratham"} 200 715 171.158 ms
2023-12-13T07:13:08.752Z GET /posts?category= {} 304 - 113.458 ms
2023-12-13T07:13:10.883Z GET /posts?category=DELHI {} 304 - 26.995 ms
2023-12-13T07:13:12.745Z GET /posts?category= {} 304 - 114.136 ms
2023-12-13T07:13:13.620Z GET /comments {} 404 147 1.433 ms
2023-12-13T07:13:13.766Z GET /post/6576a3a2b0c38305774d4d06 {} 200 255 49.156 ms
2023-12-13T07:13:14.141Z GET /comments/6576a3a2b0c38305774d4d06 {} 200 149 309.107 ms
2023-12-13T07:13:15.199Z DELETE /delete/6576a3a2b0c38305774d4d06 {} 200 27 216.638 ms
2023-12-13T07:13:15.309Z GET /posts?category= {} 200 2981 31.922 ms
2023-12-13T07:13:17.462Z GET /comments {} 404 147 0.867 ms
2023-12-13T07:13:17.801Z GET /post/65794bbab12fcd03a4bdd13a {} 200 223 332.992 ms
2023-12-13T07:13:18.066Z GET /comments/65794bbab12fcd03a4bdd13a {} 200 2 138.265 ms
2023-12-13T07:13:19.302Z DELETE /delete/65794bbab12fcd03a4bdd13a {} 200 27 74.470 ms
2023-12-13T07:13:19.503Z GET /posts?category= {} 200 2757 151.974 ms
2023-12-13T07:13:30.762Z POST /login {"username":"manan","password":"manan"} 200 734 603.985 ms
2023-12-13T07:13:30.983Z GET /posts?category= {} 304 - 102.037 ms
2023-12-13T07:13:35.287Z GET /posts?category=MANALI {} 200 2 30.526 ms
2023-12-13T08:41:51.378Z POST /login {"username":"prathm","password":"pratham"} 400 33 816.883 ms
2023-12-13T08:42:15.563Z POST /login {"username":"prathm","password":"pratham"} 400 33 1368.610 ms
2023-12-13T08:42:39.654Z POST /login {"username":"pratham","password":"pratham"} 200 715 893.194 ms
2023-12-13T08:43:36.518Z POST /login {"username":"pratham","password":"pratham"} 200 715 2759.451 ms
2023-12-13T08:44:13.641Z POST /login {"username":"pratham","password":"pratham"} 200 715 1326.105 ms
2023-12-13T08:57:46.729Z POST /login {"username":"pratham","password":"pratham"} 200 715 4433.850 ms
2023-12-13T08:59:03.531Z POST /login {"username":"pratham","password":"pratham"} 200 715 1896.186 ms
2023-12-13T10:01:11.263Z POST /login {"username":"pratham","password":"pratham"} 200 715 4162.098 ms
2025-10-03T16:25:42.068Z GET / {} 404 139 20.438 ms
2025-10-03T17:35:05.697Z POST /signup {"name":"Random name","username":"username","password":"password"} 200 27 267.150 ms
2025-10-03T17:35:11.024Z POST /login {"username":"username","password":"password"} 200 734 208.267 ms
2025-10-03T17:35:11.145Z GET /posts?category= {} 200 277 57.248 ms
2025-10-03T17:35:11.415Z GET /file/1758375359907-blog-mango%20akola.jpg {} 200 - 245.653 ms
2025-10-03T17:36:52.545Z GET /comments {} 404 147 7.475 ms
2025-10-03T17:36:52.856Z GET /post/68ceadde86d2c7836a59f583 {} 200 275 309.393 ms
2025-10-03T17:36:52.929Z GET /comments/68ceadde86d2c7836a59f583 {} 200 2 43.765 ms
2025-10-03T17:37:17.310Z GET /posts?category= {} 304 - 47.106 ms
2025-10-03T17:37:27.100Z GET /posts?category= {} 304 - 38.262 ms
2025-10-03T17:37:27.738Z GET /comments {} 404 147 2.633 ms
2025-10-03T17:37:27.788Z GET /post/68ceadde86d2c7836a59f583 {} 304 - 46.121 ms
2025-10-03T17:37:27.850Z GET /comments/68ceadde86d2c7836a59f583 {} 304 - 49.782 ms
2025-10-03T17:37:32.923Z GET /posts?category= {} 304 - 320.636 ms
2025-10-03T17:37:40.923Z GET /posts?category= {} 304 - 38.004 ms
2025-10-03T17:37:41.351Z GET /file/1758375359907-blog-mango%20akola.jpg {} 200 - 416.948 ms
2025-10-03T17:37:43.389Z GET /posts?category=DELHI {} 200 2 43.156 ms
2025-10-03T17:37:47.501Z GET /posts?category=BANGALORE {} 200 2 48.152 ms
2025-10-03T17:37:48.510Z GET /posts?category= {} 304 - 39.274 ms
2025-10-03T17:37:51.776Z GET /posts?category=SURAT {} 200 2 36.888 ms
2025-10-03T17:38:04.869Z POST /create {"title":"Manali Trip","description":"Snowfall","picture":"","username":"username","categories":"SURAT","createdDate":"2025-10-03T17:34:26.256Z"} 200 25 7.941 ms
2025-10-03T17:38:04.964Z GET /posts?category= {} 200 466 62.872 ms
2025-10-03T17:38:06.211Z GET /comments {} 404 147 0.459 ms
2025-10-03T17:38:06.257Z GET /post/68e009fcf27b9118f6d38434 {} 200 188 42.000 ms
2025-10-03T17:38:06.336Z GET /comments/68e009fcf27b9118f6d38434 {} 200 2 57.241 ms
2025-10-03T17:38:29.258Z POST /login {"username":"username","password":"password"} 200 734 136.338 ms
2025-10-03T17:38:29.347Z GET /posts?category= {} 304 - 38.516 ms
2025-10-03T17:38:30.121Z GET /file/1758375359907-blog-mango%20akola.jpg {} 200 - 758.490 ms
2025-10-03T17:38:30.874Z GET /comments {} 404 147 0.418 ms
2025-10-03T17:38:30.919Z GET /post/68e009fcf27b9118f6d38434 {} 304 - 49.115 ms
2025-10-03T17:38:30.970Z GET /comments/68e009fcf27b9118f6d38434 {} 304 - 38.151 ms
2025-10-03T17:38:43.535Z GET /posts?category= {} 304 - 39.912 ms
2025-10-03T17:38:44.124Z GET /comments {} 404 147 0.541 ms
2025-10-03T17:38:44.163Z GET /post/68ceadde86d2c7836a59f583 {} 304 - 35.598 ms
2025-10-03T17:38:44.220Z GET /comments/68ceadde86d2c7836a59f583 {} 304 - 34.746 ms
2025-10-03T17:38:44.390Z GET /file/1758375359907-blog-mango%20akola.jpg {} 200 - 200.768 ms
2025-10-03T17:38:48.218Z GET /posts?category= {} 304 - 37.958 ms
2025-10-03T18:55:55.276Z GET / {} 404 139 3.621 ms
2025-10-03T18:56:05.480Z POST /login {"username":"username","password":"password"} 200 734 183.128 ms
2025-10-03T18:56:05.570Z GET /posts?category= {} 200 466 42.152 ms
2025-10-03T18:56:05.774Z GET /file/1758375359907-blog-mango%20akola.jpg {} 200 - 188.360 ms
2025-10-03T18:56:14.839Z GET /comments {} 404 147 0.614 ms
2025-10-03T18:56:14.879Z GET /post/68ceadde86d2c7836a59f583 {} 304 - 39.058 ms
2025-10-03T18:56:14.955Z GET /comments/68ceadde86d2c7836a59f583 {} 304 - 36.191 ms
2025-10-03T19:00:44.191Z GET /posts?category= {} 304 - 62.251 ms
2025-10-03T19:00:46.796Z GET /posts?category=BANGALORE {} 304 - 38.210 ms
2025-10-03T19:00:48.382Z GET /posts?category= {} 304 - 34.650 ms
2025-10-03T19:00:49.651Z GET /comments {} 404 147 1.974 ms
2025-10-03T19:00:49.695Z GET /post/68ceadde86d2c7836a59f583 {} 304 - 40.480 ms
2025-10-03T19:00:49.759Z GET /comments/68ceadde86d2c7836a59f583 {} 304 - 35.284 ms
2025-10-03T19:00:53.948Z GET /posts?category= {} 304 - 43.665 ms
2025-10-03T19:03:05.053Z GET /posts?category= {} 304 - 38.199 ms
2025-10-03T19:03:09.252Z GET /posts?category= {} 304 - 34.587 ms
2025-10-03T19:04:25.891Z GET /posts?category= {} 304 - 38.608 ms
2025-10-03T19:04:26.994Z GET /comments {} 404 147 0.668 ms
2025-10-03T19:04:27.039Z GET /post/68e009fcf27b9118f6d38434 {} 304 - 38.742 ms
2025-10-03T19:04:27.099Z GET /comments/68e009fcf27b9118f6d38434 {} 304 - 37.042 ms
2025-10-03T19:04:36.325Z GET /posts?category= {} 304 - 48.389 ms
2025-10-03T19:04:37.474Z GET /comments {} 404 147 1.124 ms
2025-10-03T19:04:37.542Z GET /post/68ceadde86d2c7836a59f583 {} 304 - 65.884 ms
2025-10-03T19:04:37.605Z GET /comments/68ceadde86d2c7836a59f583 {} 304 - 33.666 ms
2025-10-03T19:04:42.932Z GET /posts?category= {} 304 - 192.171 ms
2025-10-03T19:04:44.449Z GET /comments {} 404 147 2.218 ms
2025-10-03T19:04:44.550Z GET /post/68ceadde86d2c7836a59f583 {} 304 - 98.974 ms
2025-10-03T19:04:44.657Z GET /comments/68ceadde86d2c7836a59f583 {} 304 - 90.478 ms
2025-10-03T19:29:05.206Z GET /posts?category= {} 403 23 19.818 ms
2025-10-03T19:29:54.645Z GET /posts?category=SURAT {} 401 26 0.758 ms
2025-10-03T19:29:57.617Z GET /posts?category=MANALI {} 401 26 0.660 ms
2025-10-03T19:30:01.852Z GET /posts?category=UDUPI {} 401 26 0.385 ms
2025-10-03T19:30:04.542Z GET /posts?category= {} 401 26 0.187 ms
2025-10-03T19:50:41.994Z POST /login {"username":"username","password":"password"} 200 734 223.543 ms
2025-10-03T19:50:42.112Z GET /posts?category= {} 200 466 41.582 ms
2025-10-03T19:50:42.346Z GET /file/1758375359907-blog-mango%20akola.jpg {} 200 - 208.597 ms
2025-10-03T19:51:05.373Z GET /comments {} 404 147 6.789 ms
2025-10-03T19:51:05.419Z GET /post/68ceadde86d2c7836a59f583 {} 304 - 40.452 ms
2025-10-03T19:51:05.546Z GET /comments/68ceadde86d2c7836a59f583 {} 304 - 45.223 ms
2025-10-03T19:54:59.923Z GET /posts?category= {} 304 - 49.774 ms
2025-10-03T19:55:11.489Z POST /login {"username":"username","password":"password"} 200 734 173.559 ms
2025-10-03T19:55:11.584Z GET /posts?category= {} 304 - 40.679 ms
2025-10-03T19:55:15.569Z GET /posts?category= {} 304 - 40.694 ms
2025-10-03T19:55:21.446Z GET /comments {} 404 147 2.398 ms
2025-10-03T19:55:21.492Z GET /post/68ceadde86d2c7836a59f583 {} 304 - 44.214 ms
2025-10-03T19:55:21.556Z GET /comments/68ceadde86d2c7836a59f583 {} 304 - 34.549 ms
2025-10-03T19:55:50.974Z GET /posts?category= {} 304 - 35.901 ms
2025-10-03T19:55:52.561Z GET /comments {} 404 147 0.790 ms
2025-10-03T19:55:52.601Z GET /post/68e009fcf27b9118f6d38434 {} 304 - 35.469 ms
2025-10-03T19:55:52.675Z GET /comments/68e009fcf27b9118f6d38434 {} 304 - 39.252 ms
2025-10-03T19:59:49.978Z POST /login {"username":"username","password":"password"} 200 734 169.306 ms
2025-10-03T19:59:50.086Z GET /posts?category= {} 304 - 42.242 ms
2025-10-03T19:59:52.875Z GET /comments {} 404 147 1.749 ms
2025-10-03T19:59:52.919Z GET /post/68ceadde86d2c7836a59f583 {} 304 - 36.313 ms
2025-10-03T19:59:52.974Z GET /comments/68ceadde86d2c7836a59f583 {} 304 - 38.686 ms
2025-10-03T20:03:33.324Z POST /login {"username":"username","password":"password"} 200 734 208.573 ms
2025-10-03T20:03:33.466Z GET /posts?category= {} 304 - 44.520 ms
2025-10-03T20:03:33.688Z GET /file/1758375359907-blog-mango%20akola.jpg {} 200 - 181.727 ms
2025-10-03T20:03:39.944Z GET /comments {} 404 147 1.657 ms
2025-10-03T20:03:40.034Z GET /post/68ceadde86d2c7836a59f583 {} 304 - 89.219 ms
2025-10-03T20:03:40.113Z GET /comments/68ceadde86d2c7836a59f583 {} 304 - 60.582 ms
2025-10-03T20:16:27.226Z POST /login {"username":"username","password":"password"} 200 734 325.551 ms
2025-10-03T20:16:27.421Z GET /posts?category= {} 304 - 135.350 ms
2025-10-03T20:16:27.727Z GET /file/1758375359907-blog-mango%20akola.jpg {} 200 - 285.449 ms
2025-10-03T20:16:36.271Z GET /post/68ceadde86d2c7836a59f583 {} 304 - 35.489 ms
2025-10-03T20:16:36.325Z GET /comments/68ceadde86d2c7836a59f583 {} 304 - 35.366 ms
2025-10-03T20:16:49.568Z POST /comment/new {"name":"username","postId":"68ceadde86d2c7836a59f583","date":"2025-10-03T20:16:09.958Z","comments":"Test comment\n"} 200 28 4.921 ms
2025-10-03T20:16:49.621Z GET /comments/68ceadde86d2c7836a59f583 {} 200 160 37.400 ms
2025-10-03T20:16:56.962Z GET /posts?category= {} 304 - 44.396 ms
2025-10-03T20:16:59.807Z GET /post/68ceadde86d2c7836a59f583 {} 304 - 33.232 ms
2025-10-03T20:16:59.858Z GET /comments/68ceadde86d2c7836a59f583 {} 304 - 36.958 ms
